# JRE version: OpenJDK Runtime Environment (11.0.11+9) (build 11.0.11+9-b60-7590822)
# Java VM: OpenJDK 64-Bit Server VM (11.0.11+9-b60-7590822, mixed mode, tiered, compressed oops, g1 gc, windows-amd64)
Heap:
 garbage-first heap   total 157696K, used 115152K [0x0000000080000000, 0x0000000100000000)
  region size 1024K, 41 young (41984K), 7 survivors (7168K)
 Metaspace       used 91657K, capacity 94792K, committed 94976K, reserved 1130496K
  class space    used 12357K, capacity 13620K, committed 13644K, reserved 1048576K
GC Heap History (20 events):
Event: 15.854 GC heap before
{Heap before GC invocations=13 (full 0):
 garbage-first heap   total 157696K, used 61895K [0x0000000080000000, 0x0000000100000000)
  region size 1024K, 27 young (27648K), 10 survivors (10240K)
 Metaspace       used 58630K, capacity 60114K, committed 60288K, reserved 1101824K
  class space    used 7479K, capacity 8059K, committed 8140K, reserved 1048576K
}
Event: 15.873 GC heap after
{Heap after GC invocations=14 (full 0):
 garbage-first heap   total 157696K, used 47509K [0x0000000080000000, 0x0000000100000000)
  region size 1024K, 2 young (2048K), 2 survivors (2048K)
 Metaspace       used 58630K, capacity 60114K, committed 60288K, reserved 1101824K
  class space    used 7479K, capacity 8059K, committed 8140K, reserved 1048576K
}
Event: 17.267 GC heap before
{Heap before GC invocations=15 (full 0):
 garbage-first heap   total 157696K, used 96661K [0x0000000080000000, 0x0000000100000000)
  region size 1024K, 51 young (52224K), 2 survivors (2048K)
 Metaspace       used 63479K, capacity 65079K, committed 65280K, reserved 1105920K
  class space    used 8082K, capacity 8661K, committed 8780K, reserved 1048576K
}
Event: 17.273 GC heap after
{Heap after GC invocations=16 (full 0):
 garbage-first heap   total 157696K, used 51028K [0x0000000080000000, 0x0000000100000000)
  region size 1024K, 6 young (6144K), 6 survivors (6144K)
 Metaspace       used 63479K, capacity 65079K, committed 65280K, reserved 1105920K
  class space    used 8082K, capacity 8661K, committed 8780K, reserved 1048576K
}
Event: 18.272 GC heap before
{Heap before GC invocations=16 (full 0):
 garbage-first heap   total 157696K, used 103252K [0x0000000080000000, 0x0000000100000000)
  region size 1024K, 56 young (57344K), 6 survivors (6144K)
 Metaspace       used 65707K, capacity 67328K, committed 67584K, reserved 1107968K
  class space    used 8383K, capacity 8998K, committed 9036K, reserved 1048576K
}
Event: 18.281 GC heap after
{Heap after GC invocations=17 (full 0):
 garbage-first heap   total 157696K, used 55148K [0x0000000080000000, 0x0000000100000000)
  region size 1024K, 5 young (5120K), 5 survivors (5120K)
 Metaspace       used 65707K, capacity 67328K, committed 67584K, reserved 1107968K
  class space    used 8383K, capacity 8998K, committed 9036K, reserved 1048576K
}
Event: 19.423 GC heap before
{Heap before GC invocations=17 (full 0):
 garbage-first heap   total 157696K, used 107372K [0x0000000080000000, 0x0000000100000000)
  region size 1024K, 56 young (57344K), 5 survivors (5120K)
 Metaspace       used 71262K, capacity 72936K, committed 73216K, reserved 1112064K
  class space    used 9288K, capacity 9938K, committed 10060K, reserved 1048576K
}
Event: 19.433 GC heap after
{Heap after GC invocations=18 (full 0):
 garbage-first heap   total 157696K, used 58925K [0x0000000080000000, 0x0000000100000000)
  region size 1024K, 4 young (4096K), 4 survivors (4096K)
 Metaspace       used 71262K, capacity 72936K, committed 73216K, reserved 1112064K
  class space    used 9288K, capacity 9938K, committed 10060K, reserved 1048576K
}
Event: 20.530 GC heap before
{Heap before GC invocations=18 (full 0):
 garbage-first heap   total 157696K, used 113197K [0x0000000080000000, 0x0000000100000000)
  region size 1024K, 57 young (58368K), 4 survivors (4096K)
 Metaspace       used 77106K, capacity 79022K, committed 79104K, reserved 1118208K
  class space    used 10090K, capacity 10750K, committed 10828K, reserved 1048576K
}
Event: 20.537 GC heap after
{Heap after GC invocations=19 (full 0):
 garbage-first heap   total 157696K, used 61743K [0x0000000080000000, 0x0000000100000000)
  region size 1024K, 7 young (7168K), 7 survivors (7168K)
 Metaspace       used 77106K, capacity 79022K, committed 79104K, reserved 1118208K
  class space    used 10090K, capacity 10750K, committed 10828K, reserved 1048576K
}
Event: 22.217 GC heap before
{Heap before GC invocations=19 (full 0):
 garbage-first heap   total 157696K, used 114991K [0x0000000080000000, 0x0000000100000000)
  region size 1024K, 60 young (61440K), 7 survivors (7168K)
 Metaspace       used 80187K, capacity 82358K, committed 82560K, reserved 1120256K
  class space    used 10589K, capacity 11415K, committed 11468K, reserved 1048576K
}
Event: 22.234 GC heap after
{Heap after GC invocations=20 (full 0):
 garbage-first heap   total 157696K, used 65486K [0x0000000080000000, 0x0000000100000000)
  region size 1024K, 7 young (7168K), 7 survivors (7168K)
 Metaspace       used 80187K, capacity 82358K, committed 82560K, reserved 1120256K
  class space    used 10589K, capacity 11415K, committed 11468K, reserved 1048576K
}
Event: 23.771 GC heap before
{Heap before GC invocations=20 (full 0):
 garbage-first heap   total 157696K, used 118734K [0x0000000080000000, 0x0000000100000000)
  region size 1024K, 60 young (61440K), 7 survivors (7168K)
 Metaspace       used 80945K, capacity 83212K, committed 83456K, reserved 1122304K
  class space    used 10635K, capacity 11480K, committed 11596K, reserved 1048576K
}
Event: 23.783 GC heap after
{Heap after GC invocations=21 (full 0):
 garbage-first heap   total 157696K, used 69922K [0x0000000080000000, 0x0000000100000000)
  region size 1024K, 8 young (8192K), 8 survivors (8192K)
 Metaspace       used 80945K, capacity 83212K, committed 83456K, reserved 1122304K
  class space    used 10635K, capacity 11480K, committed 11596K, reserved 1048576K
}
Event: 25.519 GC heap before
{Heap before GC invocations=21 (full 0):
 garbage-first heap   total 157696K, used 121122K [0x0000000080000000, 0x0000000100000000)
  region size 1024K, 59 young (60416K), 8 survivors (8192K)
 Metaspace       used 81493K, capacity 83685K, committed 83968K, reserved 1122304K
  class space    used 10670K, capacity 11494K, committed 11596K, reserved 1048576K
}
Event: 25.531 GC heap after
{Heap after GC invocations=22 (full 0):
 garbage-first heap   total 157696K, used 73380K [0x0000000080000000, 0x0000000100000000)
  region size 1024K, 4 young (4096K), 4 survivors (4096K)
 Metaspace       used 81493K, capacity 83685K, committed 83968K, reserved 1122304K
  class space    used 10670K, capacity 11494K, committed 11596K, reserved 1048576K
}
Event: 26.684 GC heap before
{Heap before GC invocations=22 (full 0):
 garbage-first heap   total 157696K, used 103076K [0x0000000080000000, 0x0000000100000000)
  region size 1024K, 33 young (33792K), 4 survivors (4096K)
 Metaspace       used 82445K, capacity 84728K, committed 84992K, reserved 1122304K
  class space    used 10735K, capacity 11579K, committed 11596K, reserved 1048576K
}
Event: 26.690 GC heap after
{Heap after GC invocations=23 (full 0):
 garbage-first heap   total 157696K, used 76396K [0x0000000080000000, 0x0000000100000000)
  region size 1024K, 5 young (5120K), 5 survivors (5120K)
 Metaspace       used 82445K, capacity 84728K, committed 84992K, reserved 1122304K
  class space    used 10735K, capacity 11579K, committed 11596K, reserved 1048576K
}
Event: 35.326 GC heap before
{Heap before GC invocations=24 (full 0):
 garbage-first heap   total 157696K, used 123500K [0x0000000080000000, 0x0000000100000000)
  region size 1024K, 50 young (51200K), 5 survivors (5120K)
 Metaspace       used 86294K, capacity 88686K, committed 88960K, reserved 1126400K
  class space    used 11281K, capacity 12141K, committed 12236K, reserved 1048576K
}
Event: 35.342 GC heap after
{Heap after GC invocations=25 (full 0):
 garbage-first heap   total 157696K, used 82384K [0x0000000080000000, 0x0000000100000000)
  region size 1024K, 7 young (7168K), 7 survivors (7168K)
 Metaspace       used 86294K, capacity 88686K, committed 88960K, reserved 1126400K
  class space    used 11281K, capacity 12141K, committed 12236K, reserved 1048576K
}

