# JRE version: OpenJDK Runtime Environment (11.0.11+9) (build 11.0.11+9-b60-7590822)
# Java VM: OpenJDK 64-Bit Server VM (11.0.11+9-b60-7590822, mixed mode, tiered, compressed oops, g1 gc, windows-amd64)
Heap:
 garbage-first heap   total 157696K, used 123252K [0x0000000080000000, 0x0000000100000000)
  region size 1024K, 16 young (16384K), 4 survivors (4096K)
 Metaspace       used 110000K, capacity 113224K, committed 113356K, reserved 1146880K
  class space    used 14227K, capacity 15474K, committed 15564K, reserved 1048576K
GC Heap History (20 events):
Event: 38.133 GC heap before
{Heap before GC invocations=33 (full 0):
 garbage-first heap   total 157696K, used 84545K [0x0000000080000000, 0x0000000100000000)
  region size 1024K, 7 young (7168K), 5 survivors (5120K)
 Metaspace       used 90458K, capacity 92645K, committed 92876K, reserved 1130496K
  class space    used 11622K, capacity 12411K, committed 12492K, reserved 1048576K
}
Event: 38.139 GC heap after
{Heap after GC invocations=34 (full 0):
 garbage-first heap   total 157696K, used 80984K [0x0000000080000000, 0x0000000100000000)
  region size 1024K, 1 young (1024K), 1 survivors (1024K)
 Metaspace       used 90458K, capacity 92645K, committed 92876K, reserved 1130496K
  class space    used 11622K, capacity 12411K, committed 12492K, reserved 1048576K
}
Event: 54.878 GC heap before
{Heap before GC invocations=34 (full 0):
 garbage-first heap   total 157696K, used 118872K [0x0000000080000000, 0x0000000100000000)
  region size 1024K, 39 young (39936K), 1 survivors (1024K)
 Metaspace       used 91771K, capacity 94035K, committed 94284K, reserved 1130496K
  class space    used 11763K, capacity 12569K, committed 12620K, reserved 1048576K
}
Event: 54.894 GC heap after
{Heap after GC invocations=35 (full 0):
 garbage-first heap   total 157696K, used 86016K [0x0000000080000000, 0x0000000100000000)
  region size 1024K, 5 young (5120K), 5 survivors (5120K)
 Metaspace       used 91771K, capacity 94035K, committed 94284K, reserved 1130496K
  class space    used 11763K, capacity 12569K, committed 12620K, reserved 1048576K
}
Event: 55.373 GC heap before
{Heap before GC invocations=36 (full 0):
 garbage-first heap   total 157696K, used 122880K [0x0000000080000000, 0x0000000100000000)
  region size 1024K, 42 young (43008K), 5 survivors (5120K)
 Metaspace       used 92254K, capacity 94442K, committed 94668K, reserved 1130496K
  class space    used 11813K, capacity 12640K, committed 12748K, reserved 1048576K
}
Event: 55.379 GC heap after
{Heap after GC invocations=37 (full 0):
 garbage-first heap   total 157696K, used 86050K [0x0000000080000000, 0x0000000100000000)
  region size 1024K, 2 young (2048K), 2 survivors (2048K)
 Metaspace       used 92254K, capacity 94442K, committed 94668K, reserved 1130496K
  class space    used 11813K, capacity 12640K, committed 12748K, reserved 1048576K
}
Event: 57.125 GC heap before
{Heap before GC invocations=37 (full 0):
 garbage-first heap   total 157696K, used 122914K [0x0000000080000000, 0x0000000100000000)
  region size 1024K, 39 young (39936K), 2 survivors (2048K)
 Metaspace       used 93370K, capacity 95575K, committed 95820K, reserved 1132544K
  class space    used 11929K, capacity 12739K, committed 12876K, reserved 1048576K
}
Event: 57.138 GC heap after
{Heap after GC invocations=38 (full 0):
 garbage-first heap   total 157696K, used 87773K [0x0000000080000000, 0x0000000100000000)
  region size 1024K, 4 young (4096K), 4 survivors (4096K)
 Metaspace       used 93370K, capacity 95575K, committed 95820K, reserved 1132544K
  class space    used 11929K, capacity 12739K, committed 12876K, reserved 1048576K
}
Event: 61.047 GC heap before
{Heap before GC invocations=39 (full 0):
 garbage-first heap   total 157696K, used 126685K [0x0000000080000000, 0x0000000100000000)
  region size 1024K, 41 young (41984K), 4 survivors (4096K)
 Metaspace       used 99729K, capacity 102122K, committed 102220K, reserved 1138688K
  class space    used 12735K, capacity 13579K, committed 13644K, reserved 1048576K
}
Event: 61.056 GC heap after
{Heap after GC invocations=40 (full 0):
 garbage-first heap   total 157696K, used 93941K [0x0000000080000000, 0x0000000100000000)
  region size 1024K, 6 young (6144K), 6 survivors (6144K)
 Metaspace       used 99729K, capacity 102122K, committed 102220K, reserved 1138688K
  class space    used 12735K, capacity 13579K, committed 13644K, reserved 1048576K
}
Event: 61.943 GC heap before
{Heap before GC invocations=40 (full 0):
 garbage-first heap   total 157696K, used 94965K [0x0000000080000000, 0x0000000100000000)
  region size 1024K, 7 young (7168K), 6 survivors (6144K)
 Metaspace       used 99735K, capacity 102122K, committed 102220K, reserved 1138688K
  class space    used 12735K, capacity 13579K, committed 13644K, reserved 1048576K
}
Event: 61.949 GC heap after
{Heap after GC invocations=41 (full 0):
 garbage-first heap   total 157696K, used 94012K [0x0000000080000000, 0x0000000100000000)
  region size 1024K, 1 young (1024K), 1 survivors (1024K)
 Metaspace       used 99735K, capacity 102122K, committed 102220K, reserved 1138688K
  class space    used 12735K, capacity 13579K, committed 13644K, reserved 1048576K
}
Event: 73.182 GC heap before
{Heap before GC invocations=41 (full 0):
 garbage-first heap   total 157696K, used 128828K [0x0000000080000000, 0x0000000100000000)
  region size 1024K, 35 young (35840K), 1 survivors (1024K)
 Metaspace       used 101968K, capacity 104432K, committed 104524K, reserved 1140736K
  class space    used 12966K, capacity 13856K, committed 13900K, reserved 1048576K
}
Event: 73.223 GC heap after
{Heap after GC invocations=42 (full 0):
 garbage-first heap   total 157696K, used 100776K [0x0000000080000000, 0x0000000100000000)
  region size 1024K, 5 young (5120K), 5 survivors (5120K)
 Metaspace       used 101968K, capacity 104432K, committed 104524K, reserved 1140736K
  class space    used 12966K, capacity 13856K, committed 13900K, reserved 1048576K
}
Event: 78.537 GC heap before
{Heap before GC invocations=43 (full 0):
 garbage-first heap   total 157696K, used 131496K [0x0000000080000000, 0x0000000100000000)
  region size 1024K, 32 young (32768K), 5 survivors (5120K)
 Metaspace       used 103028K, capacity 105557K, committed 105676K, reserved 1140736K
  class space    used 13065K, capacity 13977K, committed 14028K, reserved 1048576K
}
Event: 78.547 GC heap after
{Heap after GC invocations=44 (full 0):
 garbage-first heap   total 157696K, used 102922K [0x0000000080000000, 0x0000000100000000)
  region size 1024K, 3 young (3072K), 3 survivors (3072K)
 Metaspace       used 103028K, capacity 105557K, committed 105676K, reserved 1140736K
  class space    used 13065K, capacity 13977K, committed 14028K, reserved 1048576K
}
Event: 91.367 GC heap before
{Heap before GC invocations=44 (full 0):
 garbage-first heap   total 157696K, used 128522K [0x0000000080000000, 0x0000000100000000)
  region size 1024K, 29 young (29696K), 3 survivors (3072K)
 Metaspace       used 106148K, capacity 108943K, committed 109132K, reserved 1144832K
  class space    used 13555K, capacity 14616K, committed 14668K, reserved 1048576K
}
Event: 91.376 GC heap after
{Heap after GC invocations=45 (full 0):
 garbage-first heap   total 157696K, used 105472K [0x0000000080000000, 0x0000000100000000)
  region size 1024K, 4 young (4096K), 4 survivors (4096K)
 Metaspace       used 106148K, capacity 108943K, committed 109132K, reserved 1144832K
  class space    used 13555K, capacity 14616K, committed 14668K, reserved 1048576K
}
Event: 92.470 GC heap before
{Heap before GC invocations=45 (full 0):
 garbage-first heap   total 157696K, used 131072K [0x0000000080000000, 0x0000000100000000)
  region size 1024K, 30 young (30720K), 4 survivors (4096K)
 Metaspace       used 107883K, capacity 110843K, committed 111052K, reserved 1144832K
  class space    used 13812K, capacity 14927K, committed 15052K, reserved 1048576K
}
Event: 92.484 GC heap after
{Heap after GC invocations=46 (full 0):
 garbage-first heap   total 157696K, used 113012K [0x0000000080000000, 0x0000000100000000)
  region size 1024K, 4 young (4096K), 4 survivors (4096K)
 Metaspace       used 107883K, capacity 110843K, committed 111052K, reserved 1144832K
  class space    used 13812K, capacity 14927K, committed 15052K, reserved 1048576K
}

