# JRE version: OpenJDK Runtime Environment (11.0.11+9) (build 11.0.11+9-b60-7590822)
# Java VM: OpenJDK 64-Bit Server VM (11.0.11+9-b60-7590822, mixed mode, tiered, compressed oops, g1 gc, windows-amd64)
Heap:
 garbage-first heap   total 131072K, used 74165K [0x0000000080000000, 0x0000000100000000)
  region size 1024K, 21 young (21504K), 6 survivors (6144K)
 Metaspace       used 76366K, capacity 78156K, committed 78464K, reserved 1118208K
  class space    used 9992K, capacity 10613K, committed 10700K, reserved 1048576K
GC Heap History (20 events):
Event: 5.455 GC heap before
{Heap before GC invocations=6 (full 0):
 garbage-first heap   total 131072K, used 25616K [0x0000000080000000, 0x0000000100000000)
  region size 1024K, 11 young (11264K), 7 survivors (7168K)
 Metaspace       used 35008K, capacity 35786K, committed 35840K, reserved 1081344K
  class space    used 4561K, capacity 4863K, committed 4864K, reserved 1048576K
}
Event: 5.465 GC heap after
{Heap after GC invocations=7 (full 0):
 garbage-first heap   total 131072K, used 23097K [0x0000000080000000, 0x0000000100000000)
  region size 1024K, 4 young (4096K), 4 survivors (4096K)
 Metaspace       used 35008K, capacity 35786K, committed 35840K, reserved 1081344K
  class space    used 4561K, capacity 4863K, committed 4864K, reserved 1048576K
}
Event: 6.212 GC heap before
{Heap before GC invocations=8 (full 0):
 garbage-first heap   total 131072K, used 88633K [0x0000000080000000, 0x0000000100000000)
  region size 1024K, 66 young (67584K), 4 survivors (4096K)
 Metaspace       used 39915K, capacity 40891K, committed 41164K, reserved 1085440K
  class space    used 5113K, capacity 5494K, committed 5580K, reserved 1048576K
}
Event: 6.219 GC heap after
{Heap after GC invocations=9 (full 0):
 garbage-first heap   total 131072K, used 27891K [0x0000000080000000, 0x0000000100000000)
  region size 1024K, 9 young (9216K), 9 survivors (9216K)
 Metaspace       used 39915K, capacity 40891K, committed 41164K, reserved 1085440K
  class space    used 5113K, capacity 5494K, committed 5580K, reserved 1048576K
}
Event: 7.298 GC heap before
{Heap before GC invocations=9 (full 0):
 garbage-first heap   total 131072K, used 90355K [0x0000000080000000, 0x0000000100000000)
  region size 1024K, 70 young (71680K), 9 survivors (9216K)
 Metaspace       used 45412K, capacity 46598K, committed 46796K, reserved 1089536K
  class space    used 5850K, capacity 6282K, committed 6348K, reserved 1048576K
}
Event: 7.307 GC heap after
{Heap after GC invocations=10 (full 0):
 garbage-first heap   total 131072K, used 30031K [0x0000000080000000, 0x0000000100000000)
  region size 1024K, 3 young (3072K), 3 survivors (3072K)
 Metaspace       used 45412K, capacity 46598K, committed 46796K, reserved 1089536K
  class space    used 5850K, capacity 6282K, committed 6348K, reserved 1048576K
}
Event: 14.502 GC heap before
{Heap before GC invocations=10 (full 0):
 garbage-first heap   total 131072K, used 97615K [0x0000000080000000, 0x0000000100000000)
  region size 1024K, 65 young (66560K), 3 survivors (3072K)
 Metaspace       used 47836K, capacity 49078K, committed 49356K, reserved 1091584K
  class space    used 6111K, capacity 6568K, committed 6604K, reserved 1048576K
}
Event: 14.508 GC heap after
{Heap after GC invocations=11 (full 0):
 garbage-first heap   total 131072K, used 42559K [0x0000000080000000, 0x0000000100000000)
  region size 1024K, 9 young (9216K), 9 survivors (9216K)
 Metaspace       used 47836K, capacity 49078K, committed 49356K, reserved 1091584K
  class space    used 6111K, capacity 6568K, committed 6604K, reserved 1048576K
}
Event: 17.567 GC heap before
{Heap before GC invocations=11 (full 0):
 garbage-first heap   total 131072K, used 97855K [0x0000000080000000, 0x0000000100000000)
  region size 1024K, 63 young (64512K), 9 survivors (9216K)
 Metaspace       used 54826K, capacity 56277K, committed 56396K, reserved 1097728K
  class space    used 6982K, capacity 7484K, committed 7500K, reserved 1048576K
}
Event: 17.575 GC heap after
{Heap after GC invocations=12 (full 0):
 garbage-first heap   total 131072K, used 45920K [0x0000000080000000, 0x0000000100000000)
  region size 1024K, 3 young (3072K), 3 survivors (3072K)
 Metaspace       used 54826K, capacity 56277K, committed 56396K, reserved 1097728K
  class space    used 6982K, capacity 7484K, committed 7500K, reserved 1048576K
}
Event: 18.800 GC heap before
{Heap before GC invocations=12 (full 0):
 garbage-first heap   total 131072K, used 70496K [0x0000000080000000, 0x0000000100000000)
  region size 1024K, 28 young (28672K), 3 survivors (3072K)
 Metaspace       used 58617K, capacity 60133K, committed 60288K, reserved 1101824K
  class space    used 7471K, capacity 8043K, committed 8140K, reserved 1048576K
}
Event: 18.805 GC heap after
{Heap after GC invocations=13 (full 0):
 garbage-first heap   total 131072K, used 46473K [0x0000000080000000, 0x0000000100000000)
  region size 1024K, 4 young (4096K), 4 survivors (4096K)
 Metaspace       used 58617K, capacity 60133K, committed 60288K, reserved 1101824K
  class space    used 7471K, capacity 8043K, committed 8140K, reserved 1048576K
}
Event: 19.820 GC heap before
{Heap before GC invocations=14 (full 0):
 garbage-first heap   total 131072K, used 94601K [0x0000000080000000, 0x0000000100000000)
  region size 1024K, 52 young (53248K), 4 survivors (4096K)
 Metaspace       used 63376K, capacity 64834K, committed 64896K, reserved 1105920K
  class space    used 8048K, capacity 8600K, committed 8652K, reserved 1048576K
}
Event: 19.826 GC heap after
{Heap after GC invocations=15 (full 0):
 garbage-first heap   total 131072K, used 50360K [0x0000000080000000, 0x0000000100000000)
  region size 1024K, 7 young (7168K), 7 survivors (7168K)
 Metaspace       used 63376K, capacity 64834K, committed 64896K, reserved 1105920K
  class space    used 8048K, capacity 8600K, committed 8652K, reserved 1048576K
}
Event: 20.888 GC heap before
{Heap before GC invocations=15 (full 0):
 garbage-first heap   total 131072K, used 99512K [0x0000000080000000, 0x0000000100000000)
  region size 1024K, 54 young (55296K), 7 survivors (7168K)
 Metaspace       used 65133K, capacity 66727K, committed 67072K, reserved 1107968K
  class space    used 8290K, capacity 8905K, committed 9036K, reserved 1048576K
}
Event: 20.896 GC heap after
{Heap after GC invocations=16 (full 0):
 garbage-first heap   total 131072K, used 54646K [0x0000000080000000, 0x0000000100000000)
  region size 1024K, 5 young (5120K), 5 survivors (5120K)
 Metaspace       used 65133K, capacity 66727K, committed 67072K, reserved 1107968K
  class space    used 8290K, capacity 8905K, committed 9036K, reserved 1048576K
}
Event: 22.711 GC heap before
{Heap before GC invocations=16 (full 0):
 garbage-first heap   total 131072K, used 99702K [0x0000000080000000, 0x0000000100000000)
  region size 1024K, 49 young (50176K), 5 survivors (5120K)
 Metaspace       used 70208K, capacity 71816K, committed 71936K, reserved 1112064K
  class space    used 9119K, capacity 9718K, committed 9804K, reserved 1048576K
}
Event: 22.717 GC heap after
{Heap after GC invocations=17 (full 0):
 garbage-first heap   total 131072K, used 57060K [0x0000000080000000, 0x0000000100000000)
  region size 1024K, 7 young (7168K), 7 survivors (7168K)
 Metaspace       used 70208K, capacity 71816K, committed 71936K, reserved 1112064K
  class space    used 9119K, capacity 9718K, committed 9804K, reserved 1048576K
}
Event: 23.941 GC heap before
{Heap before GC invocations=17 (full 0):
 garbage-first heap   total 131072K, used 102116K [0x0000000080000000, 0x0000000100000000)
  region size 1024K, 51 young (52224K), 7 survivors (7168K)
 Metaspace       used 74228K, capacity 76004K, committed 76160K, reserved 1116160K
  class space    used 9695K, capacity 10333K, committed 10444K, reserved 1048576K
}
Event: 23.949 GC heap after
{Heap after GC invocations=18 (full 0):
 garbage-first heap   total 131072K, used 59829K [0x0000000080000000, 0x0000000100000000)
  region size 1024K, 6 young (6144K), 6 survivors (6144K)
 Metaspace       used 74228K, capacity 76004K, committed 76160K, reserved 1116160K
  class space    used 9695K, capacity 10333K, committed 10444K, reserved 1048576K
}

